<?xml version="1.0" encoding="UTF-8"?>
<testng-results skipped="0" failed="0" ignored="0" total="1" passed="1">
  <reporter-output>
  </reporter-output>
  <suite name="Default suite" duration-ms="10027" started-at="2022-12-10T19:53:14Z" finished-at="2022-12-10T19:53:24Z">
    <groups>
    </groups>
    <test name="Default test" duration-ms="10027" started-at="2022-12-10T19:53:14Z" finished-at="2022-12-10T19:53:24Z">
      <class name="variousConcepts.CrmTest">
        <test-method status="PASS" signature="readConfig()[pri:0, instance:variousConcepts.CrmTest@77caeb3e]" name="readConfig" is-config="true" duration-ms="21" started-at="2022-12-10T19:53:14Z" finished-at="2022-12-10T19:53:14Z">
          <reporter-output>
          </reporter-output>
        </test-method> <!-- readConfig -->
        <test-method status="PASS" signature="init()[pri:0, instance:variousConcepts.CrmTest@77caeb3e]" name="init" is-config="true" duration-ms="5022" started-at="2022-12-10T19:53:14Z" finished-at="2022-12-10T19:53:19Z">
          <reporter-output>
          </reporter-output>
        </test-method> <!-- init -->
        <test-method status="PASS" signature="addCustomerTest()[pri:0, instance:variousConcepts.CrmTest@77caeb3e]" name="addCustomerTest" duration-ms="4939" started-at="2022-12-10T19:53:19Z" finished-at="2022-12-10T19:53:24Z">
          <reporter-output>
          </reporter-output>
        </test-method> <!-- addCustomerTest -->
      </class> <!-- variousConcepts.CrmTest -->
    </test> <!-- Default test -->
  </suite> <!-- Default suite -->
</testng-results>
